Using config directory: C:\users\djshaji\AppData\Local\ariel
Plugin cache file: C:\users\djshaji\AppData\Local\ariel\plugin_cache.ini
Created LV2 worker schedule with thread pool
lilv_world_set_option(): warning: Unrecognized or invalid option `http://drobilla.net/ns/lilv#lv2-path'
Loaded 0 plugins from cache
No valid cache found, scanning plugins...
Plugin manager refreshed with 0 plugins
Saved plugin cache to C:\users\djshaji\AppData\Local\ariel\plugin_cache.ini
0120:fixme:combase:RoActivateInstance (0000000000EEFA60, 0000000000EEF9C8): semi-stub
0120:fixme:combase:RoGetActivationFactory (L"Windows.Management.Deployment.PackageManager", {00000035-0000-0000-c000-000000000046}, 0000000000EEF818): semi-stub
0120:fixme:appx:package_manager_FindPackagesByUserSecurityId iface 00000000003C9940, sid L"", packages 0000000000EEF9D8 stub!

(ariel.exe:32): Gdk-WARNING **: 21:42:30.647: Failed to get device node property {A45C254E-DF1C-4EFD-8020-67D146A850E0},13 size: Element not found.

(ariel.exe:32): Gdk-WARNING **: 21:42:30.650: Failed to get device node property {B725F130-47EF-101A-A5F1-02608C9EEBAC},10 size: Element not found.

(ariel.exe:32): Gdk-WARNING **: 21:42:30.654: Failed to get device node property {A45C254E-DF1C-4EFD-8020-67D146A850E0},13 size: Element not found.

(ariel.exe:32): Gdk-WARNING **: 21:42:30.658: Failed to get device node property {B725F130-47EF-101A-A5F1-02608C9EEBAC},10 size: Element not found.

(ariel.exe:32): Gdk-WARNING **: 21:42:30.664: Initial call to GetUpdatedClipboardFormats() failed with error 998
MESA-INTEL: warning: Haswell Vulkan support is incomplete
0024:fixme:ntdll:NtQuerySystemInformation info_class SYSTEM_PERFORMANCE_INFORMATION
0024:fixme:dxgi:DXGID3D10CreateDevice Ignoring flags 0x20.
MESA-INTEL: warning: Haswell Vulkan support is incomplete
0024:fixme:dxgi:DXGID3D10CreateDevice Ignoring flags 0x20.
0024:fixme:dcomp:DCompositionCreateDevice 0000000001DF2830, {c37ea93a-e7aa-450d-b16f-9746cb0407f3}, 0000000001F66D38.

(ariel.exe:32): Gdk-CRITICAL **: 21:42:30.952: file ../gdk/win32/gdkdisplay-win32.c: line 525 (gdk_win32_display_init_dcomp): DCompositionCreateDevice (dxgi_device, &my_IID_IDCompositionDevice, (void **) &self->dcomp_device) returned -2147467263 (Not implemented.)
0024:fixme:keyboard:X11DRV_ActivateKeyboardLayout 0x4090409, 0000: semi-stub!

(ariel.exe:32): Gdk-WARNING **: 21:42:30.964: Could not query registry key 'SYSTEM\CurrentControlSet\Control\Keyboard Layouts\00000409\Layout File'. Error code: 2

(ariel.exe:32): Gdk-WARNING **: 21:42:30.966: Could not open registry key 'Keyboard Layout\Substitutes'. Error code: 2

(ariel.exe:32): Gdk-WARNING **: 21:42:30.968: Failed to load keyboard layout DLL for layout 00000409: (NULL)
0024:fixme:keyboard:X11DRV_ActivateKeyboardLayout 0x4090409, 0000: semi-stub!
[21:42:31] INFO  main.c:114 ariel_load_custom_css() - Loading theme CSS: default.css

(ariel.exe:32): Gtk-WARNING **: 21:42:31.004: Theme parser error: default.css:372:7-12: Unknown pseudoclass

(ariel.exe:32): Gtk-WARNING **: 21:42:31.006: Theme parser warning: default.css:420:9-31: Undefined @media feature 'prefers-reduced-motion'

(ariel.exe:32): Gtk-WARNING **: 21:42:31.008: Theme parser error: default.css:422:21-22: Junk at end of value for animation

(ariel.exe:32): Gtk-WARNING **: 21:42:31.010: Theme parser error: default.css:423:22-23: Junk at end of value for transition
[21:42:31] INFO  main.c:126 ariel_load_custom_css() - Loaded default theme CSS from: /usr/share/ariel/themes/default.css

** (ariel.exe:32): CRITICAL **: 21:42:31.046: ariel_app_get_plugin_manager: assertion 'ARIEL_IS_APP(app)' failed
